[2022-07-11 11:24:47] [ INFO ] [PacienteService:80] Paciente agregado a la base de datos. id = 20
[2022-07-11 11:24:47] [ INFO ] [PacienteService:66] Buscando paciente con id 20...
[2022-07-11 11:24:47] [ INFO ] [PacienteService:69] El paciente fue eliminado exitosamente.
[2022-07-11 11:24:47] [ INFO ] [PacienteService:39] Buscando paciente con id 20...
[2022-07-11 13:06:37] [ INFO ] [PacienteServiceTest:28] Cargando datos de prueba a la base de datos...
[2022-07-11 13:06:37] [ INFO ] [OdontologoService:89] Odontólogo agregado a la base de datos. id = 1
[2022-07-11 13:06:37] [ INFO ] [PacienteServiceTest:38] Test: Crear y Buscar Odontólogo
[2022-07-11 13:06:37] [ INFO ] [OdontologoService:89] Odontólogo agregado a la base de datos. id = 2
[2022-07-11 13:06:37] [ INFO ] [OdontologoService:40] Buscando odontologo con id 2...
[2022-07-11 13:06:37] [ INFO ] [PacienteServiceTest:28] Cargando datos de prueba a la base de datos...
[2022-07-11 13:06:37] [ INFO ] [OdontologoService:89] Odontólogo agregado a la base de datos. id = 3
[2022-07-11 13:06:37] [ INFO ] [PacienteServiceTest:48] Test: Eliminar y Buscar Odontólogo
[2022-07-11 13:06:37] [ INFO ] [OdontologoService:75] Buscando odontólogo con id 3...
[2022-07-11 13:06:37] [ INFO ] [OdontologoService:80] El paciente fue eliminado exitosamente.
[2022-07-11 13:06:37] [ INFO ] [OdontologoService:40] Buscando odontologo con id 3...
[2022-07-11 13:08:49] [ INFO ] [PacienteServiceTest:28] Cargando datos de prueba a la base de datos...
[2022-07-11 13:08:49] [ INFO ] [OdontologoService:89] Odontólogo agregado a la base de datos. id = 4
[2022-07-11 13:08:49] [ INFO ] [PacienteServiceTest:38] Test: Crear y Buscar Odontólogo
[2022-07-11 13:08:49] [ INFO ] [OdontologoService:89] Odontólogo agregado a la base de datos. id = 5
[2022-07-11 13:08:49] [ INFO ] [OdontologoService:40] Buscando odontologo con id 5...
[2022-07-11 13:08:49] [ INFO ] [PacienteServiceTest:28] Cargando datos de prueba a la base de datos...
[2022-07-11 13:08:49] [ INFO ] [OdontologoService:89] Odontólogo agregado a la base de datos. id = 6
[2022-07-11 13:08:49] [ INFO ] [PacienteServiceTest:48] Test: Eliminar y Buscar Odontólogo
[2022-07-11 13:08:49] [ INFO ] [OdontologoService:75] Buscando odontólogo con id 6...
[2022-07-11 13:08:49] [ INFO ] [OdontologoService:80] El paciente fue eliminado exitosamente.
[2022-07-11 13:08:49] [ INFO ] [OdontologoService:40] Buscando odontologo con id 6...
[2022-07-11 13:08:49] [ ERROR] [PacienteServiceTest:54] No se encontró el odontólogo.
[2022-07-11 13:16:44] [ INFO ] [PacienteServiceTest:28] Cargando datos de prueba a la base de datos...
[2022-07-11 13:16:45] [ INFO ] [OdontologoService:89] Odontólogo agregado a la base de datos. id = 7
[2022-07-11 13:16:45] [ INFO ] [PacienteServiceTest:38] Test: Crear y Buscar Odontólogo
[2022-07-11 13:16:45] [ INFO ] [OdontologoService:89] Odontólogo agregado a la base de datos. id = 8
[2022-07-11 13:16:45] [ INFO ] [OdontologoService:40] Buscando odontologo con id 8...
[2022-07-11 13:16:45] [ INFO ] [PacienteServiceTest:28] Cargando datos de prueba a la base de datos...
[2022-07-11 13:16:45] [ INFO ] [OdontologoService:89] Odontólogo agregado a la base de datos. id = 9
[2022-07-11 13:16:45] [ INFO ] [PacienteServiceTest:48] Test: Eliminar y Buscar Odontólogo
[2022-07-11 13:16:45] [ INFO ] [OdontologoService:75] Buscando odontólogo con id 9...
[2022-07-11 13:16:45] [ INFO ] [OdontologoService:80] El paciente fue eliminado exitosamente.
[2022-07-11 13:16:45] [ INFO ] [OdontologoService:40] Buscando odontologo con id 9...
[2022-07-11 13:16:45] [ ERROR] [PacienteServiceTest:54] No se encontró el odontólogo.
[2022-07-11 13:17:22] [ INFO ] [PacienteServiceTest:28] Cargando datos de prueba a la base de datos...
[2022-07-11 13:17:22] [ INFO ] [OdontologoService:89] Odontólogo agregado a la base de datos. id = 10
[2022-07-11 13:17:22] [ INFO ] [PacienteServiceTest:38] Test: Crear y Buscar Odontólogo
[2022-07-11 13:17:22] [ INFO ] [OdontologoService:89] Odontólogo agregado a la base de datos. id = 11
[2022-07-11 13:17:22] [ INFO ] [OdontologoService:40] Buscando odontologo con id 11...
[2022-07-11 13:17:22] [ INFO ] [PacienteServiceTest:28] Cargando datos de prueba a la base de datos...
[2022-07-11 13:17:22] [ INFO ] [OdontologoService:89] Odontólogo agregado a la base de datos. id = 12
[2022-07-11 13:17:22] [ INFO ] [PacienteServiceTest:48] Test: Eliminar y Buscar Odontólogo
[2022-07-11 13:17:22] [ INFO ] [OdontologoService:75] Buscando odontólogo con id 12...
[2022-07-11 13:17:22] [ INFO ] [OdontologoService:80] El paciente fue eliminado exitosamente.
[2022-07-11 13:17:22] [ INFO ] [OdontologoService:40] Buscando odontologo con id 12...
[2022-07-11 13:17:22] [ ERROR] [PacienteServiceTest:54] No se encontró el odontólogo.
[2022-07-11 13:18:20] [ INFO ] [PacienteService:52] Buscando todos los pacientes...
[2022-07-11 13:19:33] [ INFO ] [PacienteService:76] Se eliminará el paciente con id 4...
[2022-07-11 13:19:33] [ INFO ] [PacienteService:81] El paciente fue eliminado exitosamente.
[2022-07-11 13:19:37] [ INFO ] [PacienteService:76] Se eliminará el paciente con id 5...
[2022-07-11 13:19:37] [ INFO ] [PacienteService:81] El paciente fue eliminado exitosamente.
[2022-07-11 13:20:07] [ INFO ] [PacienteService:42] Buscando paciente con id 6...
[2022-07-11 13:20:07] [ INFO ] [PacienteService:42] Buscando paciente con id 6...
[2022-07-11 13:20:15] [ INFO ] [PacienteService:42] Buscando paciente con id 5...
[2022-07-11 13:20:15] [ ERROR] [GlobalExceptionHandler:17] No se encontró el paciente.
[2022-07-11 13:28:58] [ INFO ] [PacienteService:52] Buscando todos los pacientes...
[2022-07-11 13:29:08] [ INFO ] [PacienteService:76] Se eliminará el paciente con id 6...
[2022-07-11 13:29:08] [ INFO ] [PacienteService:81] El paciente fue eliminado exitosamente.
[2022-07-11 13:29:25] [ INFO ] [PacienteService:76] Se eliminará el paciente con id 6...
[2022-07-11 13:29:39] [ INFO ] [PacienteService:52] Buscando todos los pacientes...
[2022-07-11 13:29:49] [ INFO ] [PacienteService:76] Se eliminará el paciente con id 7...
[2022-07-11 13:29:49] [ INFO ] [PacienteService:81] El paciente fue eliminado exitosamente.
[2022-07-11 13:29:52] [ INFO ] [PacienteService:76] Se eliminará el paciente con id 9...
[2022-07-11 13:29:52] [ INFO ] [PacienteService:81] El paciente fue eliminado exitosamente.
[2022-07-11 13:29:57] [ INFO ] [PacienteService:76] Se eliminará el paciente con id 10...
[2022-07-11 13:29:57] [ INFO ] [PacienteService:81] El paciente fue eliminado exitosamente.
[2022-07-11 13:30:01] [ INFO ] [PacienteService:76] Se eliminará el paciente con id 12...
[2022-07-11 13:30:01] [ INFO ] [PacienteService:81] El paciente fue eliminado exitosamente.
[2022-07-11 13:30:06] [ INFO ] [PacienteService:52] Buscando todos los pacientes...
[2022-07-11 13:30:16] [ INFO ] [PacienteService:76] Se eliminará el paciente con id 13...
[2022-07-11 13:30:16] [ INFO ] [PacienteService:81] El paciente fue eliminado exitosamente.
[2022-07-11 13:30:20] [ INFO ] [PacienteService:76] Se eliminará el paciente con id 15...
[2022-07-11 13:30:20] [ INFO ] [PacienteService:81] El paciente fue eliminado exitosamente.
[2022-07-11 13:30:24] [ INFO ] [PacienteService:76] Se eliminará el paciente con id 16...
[2022-07-11 13:30:24] [ INFO ] [PacienteService:81] El paciente fue eliminado exitosamente.
[2022-07-11 13:30:28] [ INFO ] [PacienteService:76] Se eliminará el paciente con id 18...
[2022-07-11 13:30:28] [ INFO ] [PacienteService:81] El paciente fue eliminado exitosamente.
[2022-07-11 13:30:31] [ INFO ] [PacienteService:52] Buscando todos los pacientes...
[2022-07-11 13:30:38] [ INFO ] [PacienteService:76] Se eliminará el paciente con id 19...
[2022-07-11 13:30:38] [ INFO ] [PacienteService:81] El paciente fue eliminado exitosamente.
[2022-07-11 13:33:20] [ INFO ] [PacienteService:52] Buscando todos los pacientes...
[2022-07-11 13:34:24] [ INFO ] [PacienteServiceTest:40] Test: Crear y Buscar Odontólogo
[2022-07-11 13:34:24] [ INFO ] [OdontologoService:89] Odontólogo agregado a la base de datos. id = 13
[2022-07-11 13:34:24] [ INFO ] [OdontologoService:40] Buscando odontologo con id 13...
[2022-07-11 13:34:24] [ INFO ] [PacienteServiceTest:51] Test: Eliminar y Buscar Odontólogo
[2022-07-11 13:34:24] [ INFO ] [OdontologoService:75] Buscando odontólogo con id null...
[2022-07-11 13:36:03] [ INFO ] [PacienteServiceTest:42] Test: Crear y Buscar Odontólogo
[2022-07-11 13:36:03] [ INFO ] [OdontologoService:89] Odontólogo agregado a la base de datos. id = 14
[2022-07-11 13:36:03] [ INFO ] [OdontologoService:40] Buscando odontologo con id 14...
[2022-07-11 13:36:03] [ INFO ] [PacienteServiceTest:54] Test: Eliminar y Buscar Odontólogo
[2022-07-11 13:36:03] [ INFO ] [OdontologoService:75] Buscando odontólogo con id null...
[2022-07-11 13:44:17] [ INFO ] [PacienteServiceTest:29] Cargando datos de prueba a la base de datos...
[2022-07-11 13:44:17] [ INFO ] [OdontologoService:89] Odontólogo agregado a la base de datos. id = 15
[2022-07-11 13:44:17] [ INFO ] [PacienteServiceTest:39] Test: Crear y Buscar Odontólogo
[2022-07-11 13:44:17] [ INFO ] [OdontologoService:89] Odontólogo agregado a la base de datos. id = 16
[2022-07-11 13:44:17] [ INFO ] [OdontologoService:40] Buscando odontologo con id 16...
[2022-07-11 13:44:17] [ INFO ] [OdontologoService:75] Buscando odontólogo con id 16...
[2022-07-11 13:44:17] [ INFO ] [OdontologoService:80] El paciente fue eliminado exitosamente.
[2022-07-11 13:44:17] [ INFO ] [PacienteServiceTest:29] Cargando datos de prueba a la base de datos...
[2022-07-11 13:44:17] [ INFO ] [OdontologoService:89] Odontólogo agregado a la base de datos. id = 17
[2022-07-11 13:44:17] [ INFO ] [PacienteServiceTest:50] Test: Eliminar y Buscar Odontólogo
[2022-07-11 13:44:17] [ INFO ] [OdontologoService:75] Buscando odontólogo con id 17...
[2022-07-11 13:44:17] [ INFO ] [OdontologoService:80] El paciente fue eliminado exitosamente.
[2022-07-11 13:44:17] [ INFO ] [OdontologoService:40] Buscando odontologo con id 17...
[2022-07-11 13:44:17] [ ERROR] [PacienteServiceTest:56] No se encontró el odontólogo.
[2022-07-11 13:56:24] [ INFO ] [OdontologoService:51] Buscando todos los odontólogos...
[2022-07-11 13:56:40] [ INFO ] [OdontologoService:75] Buscando odontólogo con id 4...
[2022-07-11 13:56:40] [ INFO ] [OdontologoService:80] El odontólogo fue eliminado exitosamente.
[2022-07-11 13:56:43] [ INFO ] [OdontologoService:75] Buscando odontólogo con id 5...
[2022-07-11 13:56:43] [ INFO ] [OdontologoService:80] El odontólogo fue eliminado exitosamente.
[2022-07-11 13:56:46] [ INFO ] [OdontologoService:75] Buscando odontólogo con id 5...
[2022-07-11 13:56:46] [ ERROR] [GlobalExceptionHandler:17] No se encontró el odontólogo.
[2022-07-11 13:56:49] [ INFO ] [OdontologoService:75] Buscando odontólogo con id 7...
[2022-07-11 13:56:49] [ INFO ] [OdontologoService:80] El odontólogo fue eliminado exitosamente.
[2022-07-11 13:56:52] [ INFO ] [OdontologoService:75] Buscando odontólogo con id 8...
[2022-07-11 13:56:52] [ INFO ] [OdontologoService:80] El odontólogo fue eliminado exitosamente.
[2022-07-11 13:56:58] [ INFO ] [OdontologoService:51] Buscando todos los odontólogos...
[2022-07-11 13:57:07] [ INFO ] [OdontologoService:75] Buscando odontólogo con id 10...
[2022-07-11 13:57:07] [ INFO ] [OdontologoService:80] El odontólogo fue eliminado exitosamente.
[2022-07-11 13:57:10] [ INFO ] [OdontologoService:75] Buscando odontólogo con id 11...
[2022-07-11 13:57:10] [ INFO ] [OdontologoService:80] El odontólogo fue eliminado exitosamente.
[2022-07-11 13:57:12] [ INFO ] [OdontologoService:75] Buscando odontólogo con id 13...
[2022-07-11 13:57:13] [ INFO ] [OdontologoService:80] El odontólogo fue eliminado exitosamente.
[2022-07-11 13:57:15] [ INFO ] [OdontologoService:75] Buscando odontólogo con id 14...
[2022-07-11 13:57:15] [ INFO ] [OdontologoService:80] El odontólogo fue eliminado exitosamente.
[2022-07-11 13:59:12] [ INFO ] [OdontologoService:75] Buscando odontólogo con id 15...
[2022-07-11 13:59:12] [ INFO ] [OdontologoService:80] El odontólogo fue eliminado exitosamente.
[2022-07-11 13:59:16] [ INFO ] [OdontologoService:51] Buscando todos los odontólogos...
[2022-07-11 14:03:51] [ INFO ] [PacienteService:52] Buscando todos los pacientes...
[2022-07-11 14:03:56] [ INFO ] [TurnoService:70] Buscando todos los turnos...
[2022-07-11 14:04:45] [ INFO ] [PacienteServiceTest:29] Cargando datos de prueba a la base de datos...
[2022-07-11 14:04:45] [ INFO ] [OdontologoService:89] Odontólogo agregado a la base de datos. id = 18
[2022-07-11 14:04:45] [ INFO ] [PacienteServiceTest:39] Test: Crear y Buscar Odontólogo
[2022-07-11 14:04:45] [ INFO ] [OdontologoService:89] Odontólogo agregado a la base de datos. id = 19
[2022-07-11 14:04:45] [ INFO ] [OdontologoService:40] Buscando odontologo con id 19...
[2022-07-11 14:04:46] [ INFO ] [OdontologoService:75] Buscando odontólogo con id 19...
[2022-07-11 14:04:46] [ INFO ] [OdontologoService:80] El odontólogo fue eliminado exitosamente.
[2022-07-11 14:04:46] [ INFO ] [PacienteServiceTest:29] Cargando datos de prueba a la base de datos...
[2022-07-11 14:04:46] [ INFO ] [OdontologoService:89] Odontólogo agregado a la base de datos. id = 20
[2022-07-11 14:04:46] [ INFO ] [PacienteServiceTest:50] Test: Eliminar y Buscar Odontólogo
[2022-07-11 14:04:46] [ INFO ] [OdontologoService:75] Buscando odontólogo con id 20...
[2022-07-11 14:04:46] [ INFO ] [OdontologoService:80] El odontólogo fue eliminado exitosamente.
[2022-07-11 14:04:46] [ INFO ] [OdontologoService:40] Buscando odontologo con id 20...
[2022-07-11 14:04:46] [ ERROR] [PacienteServiceTest:56] No se encontró el odontólogo.
[2022-07-11 14:05:26] [ INFO ] [PacienteServiceTest:29] Cargando datos de prueba a la base de datos...
[2022-07-11 14:05:26] [ INFO ] [OdontologoService:89] Odontólogo agregado a la base de datos. id = 21
[2022-07-11 14:05:26] [ INFO ] [PacienteServiceTest:39] Test: Crear y Buscar Odontólogo
[2022-07-11 14:05:26] [ INFO ] [OdontologoService:89] Odontólogo agregado a la base de datos. id = 22
[2022-07-11 14:05:26] [ INFO ] [OdontologoService:40] Buscando odontologo con id 22...
[2022-07-11 14:05:26] [ INFO ] [OdontologoService:75] Buscando odontólogo con id 22...
[2022-07-11 14:05:26] [ INFO ] [OdontologoService:80] El odontólogo fue eliminado exitosamente.
[2022-07-11 14:05:26] [ INFO ] [PacienteServiceTest:29] Cargando datos de prueba a la base de datos...
[2022-07-11 14:05:26] [ INFO ] [OdontologoService:89] Odontólogo agregado a la base de datos. id = 23
[2022-07-11 14:05:26] [ INFO ] [PacienteServiceTest:50] Test: Eliminar y Buscar Odontólogo
[2022-07-11 14:05:26] [ INFO ] [OdontologoService:75] Buscando odontólogo con id 23...
[2022-07-11 14:05:26] [ INFO ] [OdontologoService:80] El odontólogo fue eliminado exitosamente.
[2022-07-11 14:05:26] [ INFO ] [OdontologoService:40] Buscando odontologo con id 23...
[2022-07-11 14:05:26] [ ERROR] [PacienteServiceTest:56] No se encontró el odontólogo.
[2022-07-11 14:10:23] [ INFO ] [OdontologoService:51] Buscando todos los odontólogos...
[2022-07-11 14:10:59] [ INFO ] [PacienteServiceTest:28] Cargando datos de prueba a la base de datos...
[2022-07-11 14:10:59] [ INFO ] [OdontologoService:89] Odontólogo agregado a la base de datos. id = 24
[2022-07-11 14:10:59] [ INFO ] [PacienteServiceTest:38] Test: Crear y Buscar Odontólogo
[2022-07-11 14:10:59] [ INFO ] [OdontologoService:89] Odontólogo agregado a la base de datos. id = 25
[2022-07-11 14:10:59] [ INFO ] [OdontologoService:40] Buscando odontologo con id 25...
[2022-07-11 14:10:59] [ INFO ] [OdontologoService:75] Buscando odontólogo con id 25...
[2022-07-11 14:10:59] [ INFO ] [OdontologoService:80] El odontólogo con id 25 fue eliminado exitosamente.
[2022-07-11 14:10:59] [ INFO ] [PacienteServiceTest:28] Cargando datos de prueba a la base de datos...
[2022-07-11 14:10:59] [ INFO ] [OdontologoService:89] Odontólogo agregado a la base de datos. id = 26
[2022-07-11 14:10:59] [ INFO ] [PacienteServiceTest:49] Test: Eliminar y Buscar Odontólogo
[2022-07-11 14:10:59] [ INFO ] [OdontologoService:75] Buscando odontólogo con id 26...
[2022-07-11 14:10:59] [ INFO ] [OdontologoService:80] El odontólogo con id 26 fue eliminado exitosamente.
[2022-07-11 14:10:59] [ INFO ] [OdontologoService:40] Buscando odontologo con id 26...
[2022-07-11 14:10:59] [ ERROR] [PacienteServiceTest:55] No se encontró el odontólogo.
[2022-07-11 14:12:50] [ INFO ] [OdontologoService:51] Buscando todos los odontólogos...
[2022-07-11 14:13:07] [ INFO ] [OdontologoService:75] Buscando odontólogo con id 18...
[2022-07-11 14:13:07] [ INFO ] [OdontologoService:80] El odontólogo con id 18 fue eliminado exitosamente.
[2022-07-11 14:13:10] [ INFO ] [OdontologoService:75] Buscando odontólogo con id 21...
[2022-07-11 14:13:10] [ INFO ] [OdontologoService:80] El odontólogo con id 21 fue eliminado exitosamente.
[2022-07-11 14:13:14] [ INFO ] [OdontologoService:75] Buscando odontólogo con id 24...
[2022-07-11 14:13:14] [ INFO ] [OdontologoService:80] El odontólogo con id 24 fue eliminado exitosamente.
[2022-07-11 14:14:25] [ INFO ] [OdontologoService:51] Buscando todos los odontólogos...
[2022-07-11 14:15:56] [ INFO ] [OdontologoService:51] Buscando todos los odontólogos...
[2022-07-11 14:21:50] [ INFO ] [PacienteServiceTest:28] Cargando datos de prueba a la base de datos...
[2022-07-11 14:21:51] [ INFO ] [OdontologoService:89] Odontólogo agregado a la base de datos. id = 27
[2022-07-11 14:21:51] [ INFO ] [PacienteServiceTest:38] Test: Crear y Buscar Odontólogo
[2022-07-11 14:21:51] [ INFO ] [OdontologoService:89] Odontólogo agregado a la base de datos. id = 28
[2022-07-11 14:21:51] [ INFO ] [OdontologoService:40] Buscando odontologo con id 28...
[2022-07-11 14:21:51] [ INFO ] [OdontologoService:75] Buscando odontólogo con id 28...
[2022-07-11 14:21:51] [ INFO ] [OdontologoService:80] El odontólogo con id 28 fue eliminado exitosamente.
[2022-07-11 14:21:51] [ INFO ] [PacienteServiceTest:28] Cargando datos de prueba a la base de datos...
[2022-07-11 14:21:51] [ INFO ] [OdontologoService:89] Odontólogo agregado a la base de datos. id = 29
[2022-07-11 14:21:51] [ INFO ] [PacienteServiceTest:49] Test: Eliminar y Buscar Odontólogo
[2022-07-11 14:21:51] [ INFO ] [OdontologoService:75] Buscando odontólogo con id 29...
[2022-07-11 14:21:51] [ INFO ] [OdontologoService:80] El odontólogo con id 29 fue eliminado exitosamente.
[2022-07-11 14:21:51] [ INFO ] [OdontologoService:40] Buscando odontologo con id 29...
[2022-07-11 14:21:51] [ ERROR] [PacienteServiceTest:55] No se encontró el odontólogo.
[2022-07-11 15:14:08] [ INFO ] [PacienteServiceTest:28] Cargando datos de prueba a la base de datos...
[2022-07-11 15:14:09] [ INFO ] [OdontologoService:89] Odontólogo agregado a la base de datos. id = 30
[2022-07-11 15:14:09] [ INFO ] [PacienteServiceTest:38] Test: Crear y Buscar Odontólogo
[2022-07-11 15:14:09] [ INFO ] [OdontologoService:89] Odontólogo agregado a la base de datos. id = 31
[2022-07-11 15:14:09] [ INFO ] [OdontologoService:40] Buscando odontologo con id 31...
[2022-07-11 15:14:09] [ INFO ] [OdontologoService:75] Buscando odontólogo con id 31...
[2022-07-11 15:14:09] [ INFO ] [OdontologoService:80] El odontólogo con id 31 fue eliminado exitosamente.
[2022-07-11 15:14:09] [ INFO ] [PacienteServiceTest:28] Cargando datos de prueba a la base de datos...
[2022-07-11 15:14:09] [ INFO ] [OdontologoService:89] Odontólogo agregado a la base de datos. id = 32
[2022-07-11 15:14:09] [ INFO ] [PacienteServiceTest:49] Test: Eliminar y Buscar Odontólogo
[2022-07-11 15:14:09] [ INFO ] [OdontologoService:75] Buscando odontólogo con id 32...
[2022-07-11 15:14:09] [ INFO ] [OdontologoService:80] El odontólogo con id 32 fue eliminado exitosamente.
[2022-07-11 15:14:09] [ INFO ] [OdontologoService:40] Buscando odontologo con id 32...
[2022-07-11 15:14:09] [ ERROR] [PacienteServiceTest:55] No se encontró el odontólogo.
[2022-07-11 15:14:46] [ INFO ] [OdontologoService:51] Buscando todos los odontólogos...
[2022-07-11 15:14:46] [ INFO ] [PacienteService:52] Buscando todos los pacientes...
[2022-07-11 15:14:46] [ INFO ] [TurnoService:74] Buscando todos los turnos...
[2022-07-11 15:15:03] [ INFO ] [OdontologoService:51] Buscando todos los odontólogos...
[2022-07-11 15:15:11] [ INFO ] [OdontologoService:75] Buscando odontólogo con id 27...
[2022-07-11 15:15:11] [ INFO ] [OdontologoService:80] El odontólogo con id 27 fue eliminado exitosamente.
[2022-07-11 15:15:15] [ INFO ] [OdontologoService:75] Buscando odontólogo con id 30...
[2022-07-11 15:15:15] [ INFO ] [OdontologoService:80] El odontólogo con id 30 fue eliminado exitosamente.
[2022-07-11 15:15:25] [ INFO ] [OdontologoService:51] Buscando todos los odontólogos...
[2022-07-11 15:15:44] [ INFO ] [OdontologoService:51] Buscando todos los odontólogos...
[2022-07-11 15:15:44] [ INFO ] [PacienteService:52] Buscando todos los pacientes...
[2022-07-11 15:15:44] [ INFO ] [TurnoService:74] Buscando todos los turnos...
[2022-07-11 15:16:02] [ INFO ] [TurnoService:153] Turno agregado a la base de datos. id = 1
[2022-07-11 15:16:02] [ INFO ] [TurnoService:74] Buscando todos los turnos...
[2022-07-11 15:16:16] [ INFO ] [TurnoService:153] Turno agregado a la base de datos. id = 2
[2022-07-11 15:16:16] [ INFO ] [TurnoService:74] Buscando todos los turnos...
[2022-07-11 15:19:23] [ INFO ] [TurnoService:74] Buscando todos los turnos...
[2022-07-11 15:19:33] [ INFO ] [PacienteService:52] Buscando todos los pacientes...
[2022-07-11 15:19:41] [ ERROR] [GlobalExceptionHandler:23] Cannot invoke "com.fasterxml.jackson.databind.ObjectMapper.configure(com.fasterxml.jackson.databind.SerializationFeature, boolean)" because "this.mapper" is null
[2022-07-11 15:20:50] [ INFO ] [PacienteService:52] Buscando todos los pacientes...
[2022-07-11 15:20:58] [ INFO ] [PacienteService:42] Buscando paciente con id 3...
[2022-07-11 15:20:58] [ INFO ] [PacienteService:42] Buscando paciente con id 3...
[2022-07-11 15:21:02] [ INFO ] [PacienteService:42] Buscando paciente con id 4...
[2022-07-11 15:21:02] [ ERROR] [GlobalExceptionHandler:17] No se encontró el paciente.
[2022-07-11 15:21:41] [ INFO ] [PacienteService:52] Buscando todos los pacientes...
[2022-07-11 15:22:25] [ INFO ] [PacienteService:90] Paciente agregado a la base de datos. id = 21
[2022-07-11 15:22:25] [ INFO ] [PacienteService:52] Buscando todos los pacientes...
[2022-07-11 15:22:32] [ INFO ] [PacienteService:52] Buscando todos los pacientes...
[2022-07-11 15:23:15] [ INFO ] [PacienteService:90] Paciente agregado a la base de datos. id = 22
[2022-07-11 15:23:15] [ INFO ] [PacienteService:52] Buscando todos los pacientes...
[2022-07-11 15:23:23] [ INFO ] [PacienteService:52] Buscando todos los pacientes...
[2022-07-11 15:23:30] [ INFO ] [PacienteService:76] Se eliminará el paciente con id 21...
[2022-07-11 15:23:30] [ INFO ] [PacienteService:81] El paciente fue eliminado exitosamente.
[2022-07-11 15:23:30] [ INFO ] [PacienteService:52] Buscando todos los pacientes...
[2022-07-11 15:24:40] [ INFO ] [PacienteService:90] Paciente agregado a la base de datos. id = 23
[2022-07-11 15:24:55] [ INFO ] [PacienteService:52] Buscando todos los pacientes...
[2022-07-11 15:26:10] [ INFO ] [PacienteService:90] Paciente agregado a la base de datos. id = 24
[2022-07-11 15:26:20] [ INFO ] [PacienteService:90] Paciente agregado a la base de datos. id = 25
[2022-07-11 15:26:31] [ INFO ] [PacienteService:52] Buscando todos los pacientes...
[2022-07-11 15:26:44] [ INFO ] [PacienteService:76] Se eliminará el paciente con id 24...
[2022-07-11 15:26:44] [ INFO ] [PacienteService:81] El paciente fue eliminado exitosamente.
[2022-07-11 15:26:49] [ INFO ] [PacienteService:76] Se eliminará el paciente con id 25...
[2022-07-11 15:26:49] [ INFO ] [PacienteService:81] El paciente fue eliminado exitosamente.
[2022-07-11 15:27:11] [ INFO ] [PacienteService:52] Buscando todos los pacientes...
[2022-07-11 15:27:58] [ ERROR] [GlobalExceptionHandler:23] Cannot invoke "com.fasterxml.jackson.databind.ObjectMapper.configure(com.fasterxml.jackson.databind.SerializationFeature, boolean)" because "this.mapper" is null
[2022-07-11 15:32:19] [ INFO ] [PacienteService:60] Buscando los turnos para el paciente 3
[2022-07-11 15:33:33] [ INFO ] [OdontologoService:90] Odontólogo agregado a la base de datos. id = 33
[2022-07-11 15:33:33] [ INFO ] [OdontologoService:52] Buscando todos los odontólogos...
[2022-07-11 15:33:39] [ INFO ] [OdontologoService:52] Buscando todos los odontólogos...
[2022-07-11 15:33:39] [ INFO ] [TurnoService:76] Buscando todos los turnos...
[2022-07-11 15:33:39] [ INFO ] [PacienteService:53] Buscando todos los pacientes...
[2022-07-11 15:33:56] [ INFO ] [TurnoService:141] Turno agregado a la base de datos. id = 3
[2022-07-11 15:33:56] [ INFO ] [TurnoService:76] Buscando todos los turnos...
[2022-07-11 15:34:17] [ INFO ] [OdontologoService:52] Buscando todos los odontólogos...
[2022-07-11 15:41:19] [ INFO ] [PacienteService:60] Buscando los turnos para el paciente 2
[2022-07-11 15:41:19] [ ERROR] [GlobalExceptionHandler:17] No se encontró el paciente.
[2022-07-11 15:41:24] [ INFO ] [PacienteService:53] Buscando todos los pacientes...
[2022-07-11 15:41:45] [ INFO ] [PacienteService:60] Buscando los turnos para el paciente 22
[2022-07-11 15:41:52] [ INFO ] [PacienteService:60] Buscando los turnos para el paciente 3
[2022-07-11 15:42:00] [ INFO ] [OdontologoService:52] Buscando todos los odontólogos...
[2022-07-11 15:45:41] [ INFO ] [OdontologoService:52] Buscando todos los odontólogos...
[2022-07-11 15:45:54] [ INFO ] [OdontologoService:59] Buscando los turnos para el odontólogo 33
[2022-07-11 15:46:54] [ INFO ] [OdontologoService:52] Buscando todos los odontólogos...
[2022-07-11 15:46:54] [ INFO ] [PacienteService:53] Buscando todos los pacientes...
[2022-07-11 15:46:54] [ INFO ] [TurnoService:76] Buscando todos los turnos...
[2022-07-11 15:53:38] [ INFO ] [TurnoService:141] Turno agregado a la base de datos. id = 4
[2022-07-11 15:53:38] [ INFO ] [TurnoService:76] Buscando todos los turnos...
[2022-07-11 16:07:37] [ INFO ] [PacienteService:53] Buscando todos los pacientes...
[2022-07-11 16:07:41] [ INFO ] [OdontologoService:52] Buscando todos los odontólogos...
[2022-07-11 16:07:45] [ INFO ] [OdontologoService:52] Buscando todos los odontólogos...
[2022-07-11 16:07:45] [ INFO ] [PacienteService:53] Buscando todos los pacientes...
[2022-07-11 16:07:45] [ INFO ] [TurnoService:76] Buscando todos los turnos...
[2022-07-11 16:07:53] [ INFO ] [PacienteService:53] Buscando todos los pacientes...
[2022-07-11 16:08:00] [ INFO ] [OdontologoService:52] Buscando todos los odontólogos...
[2022-07-11 16:08:03] [ INFO ] [OdontologoService:52] Buscando todos los odontólogos...
[2022-07-11 16:08:03] [ INFO ] [PacienteService:53] Buscando todos los pacientes...
[2022-07-11 16:08:03] [ INFO ] [TurnoService:76] Buscando todos los turnos...
[2022-07-11 16:30:04] [ INFO ] [TurnoService:75] Buscando todos los turnos...
[2022-07-11 16:30:25] [ INFO ] [TurnoService:62] Buscando turno con id 3...
[2022-07-11 16:30:33] [ INFO ] [TurnoService:62] Buscando turno con id 5...
[2022-07-11 16:30:33] [ ERROR] [GlobalExceptionHandler:17] No se encontró el turno.
[2022-07-11 16:32:00] [ INFO ] [TurnoService:75] Buscando todos los turnos...
[2022-07-11 16:38:03] [ INFO ] [PacienteService:55] Buscando todos los pacientes...
[2022-07-11 16:38:16] [ INFO ] [PacienteService:83] Se eliminará el paciente con id 28...
[2022-07-11 16:38:20] [ INFO ] [PacienteService:83] Se eliminará el paciente con id 23...
[2022-07-11 16:38:20] [ INFO ] [PacienteService:88] El paciente fue eliminado exitosamente.
[2022-07-11 16:38:25] [ INFO ] [TurnoService:71] Buscando todos los turnos...
[2022-07-11 16:38:35] [ INFO ] [TurnoService:87] Buscando turno con id 5...
[2022-07-11 16:38:49] [ INFO ] [TurnoService:87] Buscando turno con id 4...
[2022-07-11 16:38:49] [ INFO ] [TurnoService:104] El turno con id 4 fue eliminado exitosamente.
[2022-07-11 16:38:54] [ INFO ] [TurnoService:71] Buscando todos los turnos...
[2022-07-11 16:41:17] [ INFO ] [PacienteService:55] Buscando todos los pacientes...
[2022-07-11 16:42:20] [ INFO ] [PacienteService:83] Se eliminará el paciente con id 23...
[2022-07-11 16:43:50] [ INFO ] [OdontologoService:52] Buscando todos los odontólogos...
[2022-07-11 16:44:02] [ INFO ] [OdontologoService:76] Buscando odontólogo con id 33...
[2022-07-11 16:44:02] [ INFO ] [OdontologoService:81] El odontólogo con id 33 fue eliminado exitosamente.
[2022-07-11 16:44:06] [ INFO ] [OdontologoService:76] Buscando odontólogo con id 33...
[2022-07-11 16:47:43] [ INFO ] [TurnoService:71] Buscando todos los turnos...
[2022-07-11 16:47:58] [ INFO ] [TurnoService:58] Buscando turno con id 2...
[2022-07-11 16:47:58] [ INFO ] [TurnoService:58] Buscando turno con id 2...
[2022-07-11 16:48:04] [ INFO ] [TurnoService:58] Buscando turno con id 5...
[2022-07-11 16:48:04] [ ERROR] [GlobalExceptionHandler:17] No se encontró el turno.
[2022-07-11 16:49:29] [ INFO ] [TurnoService:87] Buscando turno con id 2...
[2022-07-11 16:49:29] [ INFO ] [TurnoService:104] El turno con id 2 fue eliminado exitosamente.
[2022-07-11 16:49:32] [ INFO ] [TurnoService:87] Buscando turno con id 2...
[2022-07-11 16:49:45] [ INFO ] [TurnoService:71] Buscando todos los turnos...
[2022-07-11 16:49:45] [ INFO ] [OdontologoService:52] Buscando todos los odontólogos...
[2022-07-11 16:49:45] [ INFO ] [PacienteService:55] Buscando todos los pacientes...
[2022-07-11 16:50:17] [ INFO ] [TurnoService:147] Turno agregado a la base de datos. id = 5
[2022-07-11 16:50:17] [ INFO ] [TurnoService:71] Buscando todos los turnos...
[2022-07-11 16:50:35] [ INFO ] [PacienteService:55] Buscando todos los pacientes...
[2022-07-11 16:50:52] [ INFO ] [OdontologoService:52] Buscando todos los odontólogos...
[2022-07-11 16:51:28] [ INFO ] [TurnoService:147] Turno agregado a la base de datos. id = 6
[2022-07-11 16:51:35] [ INFO ] [OdontologoService:52] Buscando todos los odontólogos...
[2022-07-11 16:51:35] [ INFO ] [PacienteService:55] Buscando todos los pacientes...
[2022-07-11 16:51:35] [ INFO ] [TurnoService:71] Buscando todos los turnos...
[2022-07-11 16:57:56] [ INFO ] [PacienteService:55] Buscando todos los pacientes...
[2022-07-11 16:58:19] [ INFO ] [TurnoService:71] Buscando todos los turnos...
[2022-07-11 16:58:57] [ INFO ] [PacienteService:55] Buscando todos los pacientes...
[2022-07-11 16:59:05] [ INFO ] [OdontologoService:52] Buscando todos los odontólogos...
[2022-07-11 16:59:49] [ INFO ] [TurnoService:71] Buscando todos los turnos...
[2022-07-11 16:59:49] [ INFO ] [OdontologoService:52] Buscando todos los odontólogos...
[2022-07-11 16:59:49] [ INFO ] [PacienteService:55] Buscando todos los pacientes...
[2022-07-11 17:00:10] [ INFO ] [TurnoService:71] Buscando todos los turnos...
[2022-07-11 17:00:24] [ INFO ] [OdontologoService:59] Buscando los turnos para el odontólogo 6
[2022-07-11 17:00:24] [ ERROR] [GlobalExceptionHandler:17] No se encontró el odontólogo.
[2022-07-11 17:00:39] [ INFO ] [OdontologoService:59] Buscando los turnos para el odontólogo 2
[2022-07-11 17:00:50] [ INFO ] [OdontologoService:59] Buscando los turnos para el odontólogo 1
[2022-07-11 17:02:29] [ INFO ] [OdontologoService:52] Buscando todos los odontólogos...
[2022-07-11 17:02:33] [ INFO ] [PacienteService:55] Buscando todos los pacientes...
[2022-07-11 17:02:39] [ INFO ] [OdontologoService:52] Buscando todos los odontólogos...
[2022-07-11 17:02:39] [ INFO ] [PacienteService:55] Buscando todos los pacientes...
[2022-07-11 17:02:39] [ INFO ] [TurnoService:71] Buscando todos los turnos...
[2022-07-11 20:07:34] [ INFO ] [PacienteServiceTest:28] Cargando datos de prueba a la base de datos...
[2022-07-11 20:07:34] [ INFO ] [OdontologoService:90] Odontólogo agregado a la base de datos. id = 34
[2022-07-11 20:07:34] [ INFO ] [PacienteServiceTest:38] Test: Crear y Buscar Odontólogo
[2022-07-11 20:07:34] [ INFO ] [OdontologoService:90] Odontólogo agregado a la base de datos. id = 35
[2022-07-11 20:07:34] [ INFO ] [OdontologoService:41] Buscando odontologo con id 35...
[2022-07-11 20:07:34] [ INFO ] [OdontologoService:76] Buscando odontólogo con id 35...
[2022-07-11 20:07:34] [ INFO ] [OdontologoService:81] El odontólogo con id 35 fue eliminado exitosamente.
[2022-07-11 20:07:34] [ INFO ] [PacienteServiceTest:28] Cargando datos de prueba a la base de datos...
[2022-07-11 20:07:34] [ INFO ] [OdontologoService:90] Odontólogo agregado a la base de datos. id = 36
[2022-07-11 20:07:34] [ INFO ] [PacienteServiceTest:49] Test: Eliminar y Buscar Odontólogo
[2022-07-11 20:07:34] [ INFO ] [OdontologoService:76] Buscando odontólogo con id 36...
[2022-07-11 20:07:34] [ INFO ] [OdontologoService:81] El odontólogo con id 36 fue eliminado exitosamente.
[2022-07-11 20:07:34] [ INFO ] [OdontologoService:41] Buscando odontologo con id 36...
[2022-07-11 20:07:34] [ ERROR] [PacienteServiceTest:55] No se encontró el odontólogo.
[2022-07-11 20:22:04] [ INFO ] [PacienteServiceTest:29] Cargando datos de prueba a la base de datos...
[2022-07-11 20:22:04] [ INFO ] [PacienteService:99] Paciente agregado a la base de datos. id = 26
[2022-07-11 20:22:04] [ INFO ] [PacienteServiceTest:40] Test: Buscar Paciente
[2022-07-11 20:22:04] [ INFO ] [PacienteService:43] Buscando paciente con id 26...
[2022-07-11 20:22:04] [ INFO ] [PacienteServiceTest:29] Cargando datos de prueba a la base de datos...
[2022-07-11 20:22:04] [ INFO ] [PacienteService:99] Paciente agregado a la base de datos. id = 27
[2022-07-11 20:22:04] [ INFO ] [PacienteServiceTest:52] Test: Eliminar y Buscar Paciente
[2022-07-11 20:22:04] [ INFO ] [PacienteService:83] Se eliminará el paciente con id 27...
[2022-07-11 20:22:04] [ INFO ] [PacienteService:88] El paciente fue eliminado exitosamente.
[2022-07-11 20:22:04] [ INFO ] [PacienteService:43] Buscando paciente con id 27...
[2022-07-11 20:22:04] [ ERROR] [PacienteServiceTest:58] No se encontró el paciente.
[2022-07-11 20:25:38] [ INFO ] [PacienteServiceTest:28] Cargando datos de prueba a la base de datos...
[2022-07-11 20:25:38] [ INFO ] [OdontologoService:90] Odontólogo agregado a la base de datos. id = 37
[2022-07-11 20:25:38] [ INFO ] [PacienteServiceTest:38] Test: Crear y Buscar Odontólogo
[2022-07-11 20:25:38] [ INFO ] [OdontologoService:41] Buscando odontologo con id 37...
[2022-07-11 20:25:38] [ INFO ] [PacienteServiceTest:28] Cargando datos de prueba a la base de datos...
[2022-07-11 20:25:38] [ INFO ] [OdontologoService:90] Odontólogo agregado a la base de datos. id = 38
[2022-07-11 20:25:38] [ INFO ] [PacienteServiceTest:51] Test: Eliminar y Buscar Odontólogo
[2022-07-11 20:25:38] [ INFO ] [OdontologoService:76] Buscando odontólogo con id 38...
[2022-07-11 20:25:38] [ INFO ] [OdontologoService:81] El odontólogo con id 38 fue eliminado exitosamente.
[2022-07-11 20:25:38] [ INFO ] [OdontologoService:41] Buscando odontologo con id 38...
[2022-07-11 20:25:38] [ ERROR] [PacienteServiceTest:57] No se encontró el odontólogo.
[2022-07-11 20:28:44] [ INFO ] [PacienteServiceTest:28] Cargando datos de prueba a la base de datos...
[2022-07-11 20:28:44] [ INFO ] [OdontologoService:90] Odontólogo agregado a la base de datos. id = 39
[2022-07-11 20:28:44] [ INFO ] [PacienteServiceTest:38] Test: Crear y Buscar Odontólogo
[2022-07-11 20:28:44] [ INFO ] [OdontologoService:41] Buscando odontologo con id 39...
[2022-07-11 20:28:44] [ INFO ] [PacienteServiceTest:28] Cargando datos de prueba a la base de datos...
[2022-07-11 20:28:44] [ INFO ] [OdontologoService:90] Odontólogo agregado a la base de datos. id = 40
[2022-07-11 20:28:44] [ INFO ] [PacienteServiceTest:46] Test: Eliminar y Buscar Odontólogo
[2022-07-11 20:28:44] [ INFO ] [OdontologoService:76] Buscando odontólogo con id 40...
[2022-07-11 20:28:44] [ INFO ] [OdontologoService:81] El odontólogo con id 40 fue eliminado exitosamente.
[2022-07-11 20:28:44] [ INFO ] [OdontologoService:41] Buscando odontologo con id 40...
[2022-07-11 20:28:44] [ ERROR] [PacienteServiceTest:52] No se encontró el odontólogo.
[2022-07-11 20:29:07] [ INFO ] [PacienteServiceTest:29] Cargando datos de prueba a la base de datos...
[2022-07-11 20:29:07] [ INFO ] [PacienteService:99] Paciente agregado a la base de datos. id = 28
[2022-07-11 20:29:07] [ INFO ] [PacienteServiceTest:40] Test: Buscar Paciente
[2022-07-11 20:29:07] [ INFO ] [PacienteService:43] Buscando paciente con id 28...
[2022-07-11 20:29:07] [ INFO ] [PacienteServiceTest:29] Cargando datos de prueba a la base de datos...
[2022-07-11 20:29:07] [ INFO ] [PacienteService:99] Paciente agregado a la base de datos. id = 29
[2022-07-11 20:29:07] [ INFO ] [PacienteServiceTest:48] Test: Eliminar y Buscar Paciente
[2022-07-11 20:29:07] [ INFO ] [PacienteService:83] Se eliminará el paciente con id 29...
[2022-07-11 20:29:07] [ INFO ] [PacienteService:88] El paciente fue eliminado exitosamente.
[2022-07-11 20:29:07] [ INFO ] [PacienteService:43] Buscando paciente con id 29...
[2022-07-11 20:29:07] [ ERROR] [PacienteServiceTest:54] No se encontró el paciente.
[2022-07-11 20:29:38] [ INFO ] [PacienteServiceTest:29] Cargando datos de prueba a la base de datos...
[2022-07-11 20:29:38] [ INFO ] [PacienteService:99] Paciente agregado a la base de datos. id = 30
[2022-07-11 20:29:38] [ INFO ] [PacienteServiceTest:40] Test: Buscar Paciente
[2022-07-11 20:29:38] [ INFO ] [PacienteService:43] Buscando paciente con id 30...
[2022-07-11 20:29:38] [ INFO ] [PacienteServiceTest:29] Cargando datos de prueba a la base de datos...
[2022-07-11 20:29:38] [ INFO ] [PacienteService:99] Paciente agregado a la base de datos. id = 31
[2022-07-11 20:29:38] [ INFO ] [PacienteServiceTest:48] Test: Eliminar y Buscar Paciente
[2022-07-11 20:29:38] [ INFO ] [PacienteService:83] Se eliminará el paciente con id 31...
[2022-07-11 20:29:38] [ INFO ] [PacienteService:88] El paciente fue eliminado exitosamente.
[2022-07-11 20:29:38] [ INFO ] [PacienteService:43] Buscando paciente con id 31...
[2022-07-11 20:29:38] [ ERROR] [PacienteServiceTest:54] No se encontró el paciente.
[2022-07-11 20:30:36] [ INFO ] [PacienteService:55] Buscando todos los pacientes...
[2022-07-11 20:30:41] [ INFO ] [PacienteService:83] Se eliminará el paciente con id 26...
[2022-07-11 20:30:41] [ INFO ] [PacienteService:88] El paciente fue eliminado exitosamente.
[2022-07-11 20:30:41] [ INFO ] [PacienteService:55] Buscando todos los pacientes...
[2022-07-11 20:30:43] [ INFO ] [PacienteService:83] Se eliminará el paciente con id 28...
[2022-07-11 20:30:43] [ INFO ] [PacienteService:88] El paciente fue eliminado exitosamente.
[2022-07-11 20:30:43] [ INFO ] [PacienteService:55] Buscando todos los pacientes...
[2022-07-11 20:30:49] [ INFO ] [OdontologoService:52] Buscando todos los odontólogos...
[2022-07-11 20:30:51] [ INFO ] [OdontologoService:76] Buscando odontólogo con id 34...
[2022-07-11 20:30:51] [ INFO ] [OdontologoService:81] El odontólogo con id 34 fue eliminado exitosamente.
[2022-07-11 20:30:51] [ INFO ] [OdontologoService:52] Buscando todos los odontólogos...
[2022-07-11 20:30:53] [ INFO ] [OdontologoService:76] Buscando odontólogo con id 37...
[2022-07-11 20:30:53] [ INFO ] [OdontologoService:81] El odontólogo con id 37 fue eliminado exitosamente.
[2022-07-11 20:30:53] [ INFO ] [OdontologoService:52] Buscando todos los odontólogos...
[2022-07-11 20:30:53] [ INFO ] [OdontologoService:76] Buscando odontólogo con id 39...
[2022-07-11 20:30:53] [ INFO ] [OdontologoService:81] El odontólogo con id 39 fue eliminado exitosamente.
[2022-07-11 20:30:54] [ INFO ] [OdontologoService:52] Buscando todos los odontólogos...
[2022-07-11 20:30:58] [ INFO ] [OdontologoService:52] Buscando todos los odontólogos...
[2022-07-11 20:30:58] [ INFO ] [PacienteService:55] Buscando todos los pacientes...
[2022-07-11 20:30:58] [ INFO ] [TurnoService:71] Buscando todos los turnos...
[2022-07-11 20:31:01] [ INFO ] [TurnoService:87] Buscando turno con id 6...
[2022-07-11 20:31:01] [ INFO ] [TurnoService:92] El turno con id 6 fue eliminado exitosamente.
[2022-07-11 20:31:01] [ INFO ] [TurnoService:71] Buscando todos los turnos...
[2022-07-11 20:31:06] [ INFO ] [PacienteService:55] Buscando todos los pacientes...
[2022-07-11 20:31:47] [ INFO ] [PacienteService:99] Paciente agregado a la base de datos. id = 32
[2022-07-11 20:31:47] [ INFO ] [PacienteService:55] Buscando todos los pacientes...
[2022-07-11 20:32:10] [ INFO ] [OdontologoService:52] Buscando todos los odontólogos...
[2022-07-11 20:32:24] [ INFO ] [OdontologoService:90] Odontólogo agregado a la base de datos. id = 41
[2022-07-11 20:32:24] [ INFO ] [OdontologoService:52] Buscando todos los odontólogos...
[2022-07-11 20:32:27] [ INFO ] [OdontologoService:52] Buscando todos los odontólogos...
[2022-07-11 20:32:27] [ INFO ] [PacienteService:55] Buscando todos los pacientes...
[2022-07-11 20:32:27] [ INFO ] [TurnoService:71] Buscando todos los turnos...
[2022-07-11 20:32:45] [ INFO ] [TurnoService:121] Turno agregado a la base de datos. id = 7
[2022-07-11 20:32:45] [ INFO ] [TurnoService:71] Buscando todos los turnos...
[2022-07-12 17:06:05] [ INFO ] [PacienteService:55] Buscando todos los pacientes...
[2022-07-12 17:06:12] [ INFO ] [OdontologoService:52] Buscando todos los odontólogos...
[2022-07-12 17:06:15] [ INFO ] [OdontologoService:52] Buscando todos los odontólogos...
[2022-07-12 17:06:15] [ INFO ] [PacienteService:55] Buscando todos los pacientes...
[2022-07-12 17:06:15] [ INFO ] [TurnoService:71] Buscando todos los turnos...
[2022-07-12 17:44:07] [ INFO ] [OdontologoService:52] Buscando todos los odontólogos...
[2022-07-12 17:44:07] [ INFO ] [TurnoService:71] Buscando todos los turnos...
[2022-07-12 17:44:07] [ INFO ] [PacienteService:55] Buscando todos los pacientes...
[2022-07-12 22:00:00] [ INFO ] [PacienteService:55] Buscando todos los pacientes...
[2022-07-12 22:00:10] [ INFO ] [OdontologoService:52] Buscando todos los odontólogos...
[2022-07-12 22:00:18] [ INFO ] [OdontologoService:52] Buscando todos los odontólogos...
[2022-07-12 22:00:18] [ INFO ] [PacienteService:55] Buscando todos los pacientes...
[2022-07-12 22:00:18] [ INFO ] [TurnoService:71] Buscando todos los turnos...
[2022-07-12 22:03:01] [ INFO ] [OdontologoService:52] Buscando todos los odontólogos...
[2022-07-12 22:03:01] [ INFO ] [PacienteService:55] Buscando todos los pacientes...
[2022-07-12 22:03:01] [ INFO ] [TurnoService:71] Buscando todos los turnos...
[2022-07-12 22:03:10] [ INFO ] [OdontologoService:52] Buscando todos los odontólogos...
[2022-07-12 22:03:16] [ INFO ] [PacienteService:55] Buscando todos los pacientes...
[2022-07-12 22:16:38] [ INFO ] [PacienteService:55] Buscando todos los pacientes...
[2022-07-12 22:17:39] [ INFO ] [PacienteService:99] Paciente agregado a la base de datos. id = 33
[2022-07-12 22:17:39] [ INFO ] [PacienteService:55] Buscando todos los pacientes...
[2022-07-12 22:17:45] [ INFO ] [OdontologoService:52] Buscando todos los odontólogos...
[2022-07-12 22:18:05] [ INFO ] [OdontologoService:90] Odontólogo agregado a la base de datos. id = 42
[2022-07-12 22:18:05] [ INFO ] [OdontologoService:52] Buscando todos los odontólogos...
[2022-07-12 22:18:09] [ INFO ] [OdontologoService:52] Buscando todos los odontólogos...
[2022-07-12 22:18:09] [ INFO ] [TurnoService:71] Buscando todos los turnos...
[2022-07-12 22:18:09] [ INFO ] [PacienteService:55] Buscando todos los pacientes...
[2022-07-12 22:18:25] [ INFO ] [TurnoService:121] Turno agregado a la base de datos. id = 8
[2022-07-12 22:18:25] [ INFO ] [TurnoService:71] Buscando todos los turnos...
[2022-07-12 22:19:20] [ INFO ] [OdontologoService:52] Buscando todos los odontólogos...
[2022-07-12 22:19:20] [ INFO ] [TurnoService:71] Buscando todos los turnos...
[2022-07-12 22:19:20] [ INFO ] [PacienteService:55] Buscando todos los pacientes...
[2022-07-12 22:31:55] [ INFO ] [OdontologoService:52] Buscando todos los odontólogos...

[2022-07-14 15:37:53] [ INFO ] [AuthenticationController:37] username recibido: maopineda
[2022-07-14 15:37:53] [ INFO ] [AuthenticationController:38] password recibida: password1
[2022-07-14 15:41:23] [ INFO ] [AuthenticationController:37] username recibido: maopineda
[2022-07-14 15:41:23] [ INFO ] [AuthenticationController:38] password recibida: password1
[2022-07-14 15:43:17] [ INFO ] [AuthenticationController:37] username recibido: maopineda
[2022-07-14 15:43:17] [ INFO ] [AuthenticationController:38] password recibida: password1
[2022-07-14 15:47:57] [ INFO ] [AuthenticationController:37] username recibido: maopineda
[2022-07-14 15:47:57] [ INFO ] [AuthenticationController:38] password recibida: password1
[2022-07-14 15:53:35] [ INFO ] [AuthenticationController:37] username recibido: maopineda
[2022-07-14 15:53:35] [ INFO ] [AuthenticationController:38] password recibida: password1
[2022-07-14 15:55:55] [ INFO ] [AuthenticationController:37] username recibido: maopineda
[2022-07-14 15:55:55] [ INFO ] [AuthenticationController:38] password recibida: password1
[2022-07-14 15:56:08] [ INFO ] [JwtRequestFilter:39] Token recibido: eyJhbGciOiJIUzI1NiJ9.eyJzdWIiOiJNYXVyaWNpbyIsImV4cCI6MTY1NzgzMzA1NSwiaWF0IjoxNjU3ODMyMTU1fQ.2DlOfXvFTwqMWEZ2LJ2pCclHOVgdWo_w3V8MXk-tGfk
[2022-07-14 16:05:09] [ INFO ] [AuthenticationController:37] username recibido: maopineda
[2022-07-14 16:05:09] [ INFO ] [AuthenticationController:38] password recibida: password1
[2022-07-14 16:05:24] [ INFO ] [JwtRequestFilter:39] Token recibido: eyJhbGciOiJIUzI1NiJ9.eyJzdWIiOiJNYXVyaWNpbyIsImV4cCI6MTY1NzgzMzYwOSwiaWF0IjoxNjU3ODMyNzA5fQ.RiVWZ6UA-ET11IX3YoZLy-uHG23HYJYcMFfh2xdPDF0
[2022-07-14 16:07:21] [ INFO ] [AuthenticationController:37] username recibido: maopineda
[2022-07-14 16:07:21] [ INFO ] [AuthenticationController:38] password recibida: password1
[2022-07-14 16:07:33] [ INFO ] [JwtRequestFilter:39] Token recibido: eyJhbGciOiJIUzI1NiJ9.eyJzdWIiOiJNYXVyaWNpbyIsImV4cCI6MTY1NzgzMzc0MSwiaWF0IjoxNjU3ODMyODQxfQ.qd94sDh9BffQUQ08v4K0l-kuDbBGlnBPLjdugsB39VM
[2022-07-14 16:07:33] [ INFO ] [JwtRequestFilter:40] Username recibido: Mauricio
[2022-07-14 17:40:41] [ INFO ] [DataLoader:40] Data Loader corriendo
[2022-07-14 17:40:58] [ INFO ] [AuthenticationController:37] username recibido: maopineda
[2022-07-14 17:40:58] [ INFO ] [AuthenticationController:38] password recibida: password1
[2022-07-14 17:41:15] [ INFO ] [JwtRequestFilter:39] Token recibido: eyJhbGciOiJIUzI1NiJ9.eyJzdWIiOiJtYW9waW5lZGEiLCJleHAiOjE2NTc4MzkzNTksImlhdCI6MTY1NzgzODQ1OX0.DEAPTBcndH35d_Z37Wed0uceUZ2dvdR1-92jPIS3ahw
[2022-07-14 17:41:15] [ INFO ] [JwtRequestFilter:40] Username recibido: maopineda
[2022-07-14 17:41:15] [ INFO ] [PacienteService:55] Buscando todos los pacientes...
[2022-07-14 17:45:12] [ INFO ] [JwtRequestFilter:39] Token recibido: eyJhbGciOiJIUzI1NiJ9.eyJzdWIiOiJtYW9waW5lZGEiLCJleHAiOjE2NTc4MzkzNTksImlhdCI6MTY1NzgzODQ1OX0.DEAPTBcndH35d_Z37Wed0uceUZ2dvdR1-92jPIS3ahw
[2022-07-14 17:45:12] [ INFO ] [JwtRequestFilter:40] Username recibido: maopineda
[2022-07-14 17:45:12] [ INFO ] [PacienteService:99] Paciente agregado a la base de datos. id = 1
[2022-07-14 17:45:58] [ INFO ] [JwtRequestFilter:39] Token recibido: eyJhbGciOiJIUzI1NiJ9.eyJzdWIiOiJtYW9waW5lZGEiLCJleHAiOjE2NTc4MzkzNTksImlhdCI6MTY1NzgzODQ1OX0.DEAPTBcndH35d_Z37Wed0uceUZ2dvdR1-92jPIS3ahw
[2022-07-14 17:45:58] [ INFO ] [JwtRequestFilter:40] Username recibido: maopineda
[2022-07-14 17:45:58] [ INFO ] [PacienteService:55] Buscando todos los pacientes...
[2022-07-14 17:46:40] [ INFO ] [JwtRequestFilter:39] Token recibido: eyJhbGciOiJIUzI1NiJ9.eyJzdWIiOiJtYW9waW5lZGEiLCJleHAiOjE2NTc4MzkzNTksImlhdCI6MTY1NzgzODQ1OX0.DEAPTBcndH35d_Z37Wed0uceUZ2dvdR1-92jPIS3ahw
[2022-07-14 17:46:40] [ INFO ] [JwtRequestFilter:40] Username recibido: maopineda
[2022-07-14 17:46:40] [ INFO ] [OdontologoService:90] Odontólogo agregado a la base de datos. id = 1
[2022-07-14 17:46:47] [ INFO ] [JwtRequestFilter:39] Token recibido: eyJhbGciOiJIUzI1NiJ9.eyJzdWIiOiJtYW9waW5lZGEiLCJleHAiOjE2NTc4MzkzNTksImlhdCI6MTY1NzgzODQ1OX0.DEAPTBcndH35d_Z37Wed0uceUZ2dvdR1-92jPIS3ahw
[2022-07-14 17:46:47] [ INFO ] [JwtRequestFilter:40] Username recibido: maopineda
[2022-07-14 17:46:47] [ ERROR] [GlobalExceptionHandler:23] No value present
[2022-07-14 17:47:00] [ INFO ] [JwtRequestFilter:39] Token recibido: eyJhbGciOiJIUzI1NiJ9.eyJzdWIiOiJtYW9waW5lZGEiLCJleHAiOjE2NTc4MzkzNTksImlhdCI6MTY1NzgzODQ1OX0.DEAPTBcndH35d_Z37Wed0uceUZ2dvdR1-92jPIS3ahw
[2022-07-14 17:47:00] [ INFO ] [JwtRequestFilter:40] Username recibido: maopineda
[2022-07-14 17:47:00] [ INFO ] [TurnoService:121] Turno agregado a la base de datos. id = 1
